<?xml version="1.0" encoding="UTF-8"?>
<testsuite name="DefinitionTest" tests="3" skipped="0" failures="0" errors="0" timestamp="2015-08-22T01:26:32" hostname="epicodus-102.local" time="0.002">
  <properties/>
  <testcase name="clear_emptiesAllTasksFromArrayList" classname="DefinitionTest" time="0.001"/>
  <testcase name="definition_instantiatesWithDescription_true" classname="DefinitionTest" time="0.0"/>
  <testcase name="Definition_instiatesCorrectly_True" classname="DefinitionTest" time="0.001"/>
  <system-out><![CDATA[]]></system-out>
  <system-err><![CDATA[]]></system-err>
</testsuite>
